<?xml version="1.0" encoding="UTF-8"?>
<!-- Generated by org.testng.reporters.JUnitXMLReporter -->
<testsuite hostname="DESKTOP-1MH5N58" ignored="0" name="AddCategory" tests="3" failures="0" timestamp="24 Jul 2018 11:23:43 GMT" time="1.899" errors="0">
  <testcase name="addCat" time="0.058" classname="com.retailapp.tests.AddCategory"/>
  <testcase name="addCat" time="0.015" classname="com.retailapp.tests.AddCategory"/>
  <testcase name="addCat" time="0.031" classname="com.retailapp.tests.AddCategory"/>
</testsuite> <!-- AddCategory -->
