<?xml version="1.0" encoding="UTF-8"?>
<!-- Generated by org.testng.reporters.JUnitXMLReporter -->
<testsuite hostname="DESKTOP-1MH5N58" ignored="0" name="AddCategory" tests="3" failures="0" timestamp="26 Jul 2018 05:37:12 GMT" time="1.417" errors="0">
  <testcase name="addCat" time="0.071" classname="com.retailapp.tests.AddCategory"/>
  <testcase name="addCat" time="0.024" classname="com.retailapp.tests.AddCategory"/>
  <testcase name="addCat" time="0.027" classname="com.retailapp.tests.AddCategory"/>
</testsuite> <!-- AddCategory -->
