<?xml version="1.0" encoding="UTF-8"?>
<!-- Generated by org.testng.reporters.JUnitXMLReporter -->
<testsuite hostname="DESKTOP-1MH5N58" ignored="0" name="LoginTest" tests="3" failures="0" timestamp="26 Jul 2018 05:37:11 GMT" time="6.906" errors="0">
  <testcase name="doLogin" time="2.078" classname="com.retailapp.tests.LoginTest"/>
  <testcase name="doLogin" time="0.651" classname="com.retailapp.tests.LoginTest"/>
  <testcase name="doLogin" time="0.638" classname="com.retailapp.tests.LoginTest"/>
</testsuite> <!-- LoginTest -->
