<?xml version="1.0" encoding="UTF-8"?>
<!-- Generated by org.testng.reporters.JUnitXMLReporter -->
<testsuite hostname="DESKTOP-1MH5N58" ignored="0" name="RetailApp" tests="3" failures="0" timestamp="24 Jul 2018 10:44:00 GMT" time="1.471" errors="0">
  <testcase name="addCat" time="0.251" classname="com.retailapp.tests.AddCategory"/>
  <testcase name="addCat" time="0.024" classname="com.retailapp.tests.AddCategory"/>
  <testcase name="addCat" time="0.02" classname="com.retailapp.tests.AddCategory"/>
</testsuite> <!-- RetailApp -->
